<?xml version="1.0" encoding="UTF-8"?>
<coverage generated="1702861057101" clover="3.2.0">
  <project timestamp="1702861057102" name="All files">
    <metrics statements="36" coveredstatements="36" conditionals="6" coveredconditionals="6" methods="8" coveredmethods="8" elements="50" coveredelements="50" complexity="0" loc="36" ncloc="36" packages="1" files="5" classes="5"/>
    <file name="calculator.js" path="/home/lightwicked/repos/TestingPractice/calculator.js">
      <metrics statements="6" coveredstatements="6" conditionals="0" coveredconditionals="0" methods="4" coveredmethods="4"/>
      <line num="1" count="1" type="stmt"/>
      <line num="3" count="1" type="stmt"/>
      <line num="6" count="1" type="stmt"/>
      <line num="9" count="1" type="stmt"/>
      <line num="12" count="1" type="stmt"/>
      <line num="15" count="1" type="stmt"/>
    </file>
    <file name="capitalize.js" path="/home/lightwicked/repos/TestingPractice/capitalize.js">
      <metrics statements="3" coveredstatements="3" conditionals="0" coveredconditionals="0" methods="1" coveredmethods="1"/>
      <line num="4" count="2" type="stmt"/>
      <line num="5" count="2" type="stmt"/>
      <line num="8" count="1" type="stmt"/>
    </file>
    <file name="ceaser.js" path="/home/lightwicked/repos/TestingPractice/ceaser.js">
      <metrics statements="19" coveredstatements="19" conditionals="6" coveredconditionals="6" methods="1" coveredmethods="1"/>
      <line num="3" count="1" type="stmt"/>
      <line num="4" count="1" type="stmt"/>
      <line num="5" count="1" type="stmt"/>
      <line num="6" count="1" type="stmt"/>
      <line num="7" count="1" type="stmt"/>
      <line num="8" count="24" type="stmt"/>
      <line num="9" count="24" type="stmt"/>
      <line num="10" count="346" type="cond" truecount="2" falsecount="0"/>
      <line num="11" count="20" type="cond" truecount="2" falsecount="0"/>
      <line num="12" count="1" type="stmt"/>
      <line num="13" count="1" type="stmt"/>
      <line num="14" count="1" type="stmt"/>
      <line num="16" count="19" type="stmt"/>
      <line num="17" count="19" type="stmt"/>
      <line num="18" count="19" type="stmt"/>
      <line num="21" count="24" type="cond" truecount="2" falsecount="0"/>
      <line num="22" count="4" type="stmt"/>
      <line num="25" count="1" type="stmt"/>
      <line num="27" count="1" type="stmt"/>
    </file>
    <file name="reverseString.js" path="/home/lightwicked/repos/TestingPractice/reverseString.js">
      <metrics statements="6" coveredstatements="6" conditionals="0" coveredconditionals="0" methods="1" coveredmethods="1"/>
      <line num="3" count="1" type="stmt"/>
      <line num="4" count="1" type="stmt"/>
      <line num="5" count="1" type="stmt"/>
      <line num="6" count="5" type="stmt"/>
      <line num="8" count="1" type="stmt"/>
      <line num="10" count="1" type="stmt"/>
    </file>
    <file name="sum.js" path="/home/lightwicked/repos/TestingPractice/sum.js">
      <metrics statements="2" coveredstatements="2" conditionals="0" coveredconditionals="0" methods="1" coveredmethods="1"/>
      <line num="3" count="1" type="stmt"/>
      <line num="5" count="1" type="stmt"/>
    </file>
  </project>
</coverage>
