{"/home/lightwicked/repos/TestingPractice/capitalize.js": {"path":"/home/lightwicked/repos/TestingPractice/capitalize.js","statementMap":{"0":{"start":{"line":4,"column":17},"end":{"line":4,"column":58}},"1":{"start":{"line":5,"column":2},"end":{"line":5,"column":15}},"2":{"start":{"line":8,"column":0},"end":{"line":8,"column":27}}},"fnMap":{"0":{"name":"capitalize","decl":{"start":{"line":3,"column":9},"end":{"line":3,"column":19}},"loc":{"start":{"line":3,"column":29},"end":{"line":6,"column":1}},"line":3}},"branchMap":{},"s":{"0":2,"1":2,"2":1},"f":{"0":2},"b":{},"_coverageSchema":"1a1c01bbd47fc00a2c39e90264f33305004495a9","hash":"272804d56ccfdeb71a3e85267570ba4b42011c02"}
,"/home/lightwicked/repos/TestingPractice/sum.js": {"path":"/home/lightwicked/repos/TestingPractice/sum.js","statementMap":{"0":{"start":{"line":3,"column":2},"end":{"line":3,"column":14}},"1":{"start":{"line":5,"column":0},"end":{"line":5,"column":20}}},"fnMap":{"0":{"name":"sum","decl":{"start":{"line":2,"column":9},"end":{"line":2,"column":12}},"loc":{"start":{"line":2,"column":20},"end":{"line":4,"column":1}},"line":2}},"branchMap":{},"s":{"0":1,"1":1},"f":{"0":1},"b":{},"_coverageSchema":"1a1c01bbd47fc00a2c39e90264f33305004495a9","hash":"112805903e2a034b69cd6ebfa593e57015061a64"}
}
