TN:
SF:analyzeArray.js
FN:4,analyzeArray
FN:6,(anonymous_1)
FN:7,(anonymous_2)
FN:10,(anonymous_3)
FNF:4
FNH:4
FNDA:1,analyzeArray
FNDA:5,(anonymous_1)
FNDA:4,(anonymous_2)
FNDA:4,(anonymous_3)
DA:5,1
DA:6,5
DA:8,4
DA:11,4
DA:15,1
DA:17,1
LF:6
LH:6
BRF:0
BRH:0
end_of_record
TN:
SF:calculator.js
FN:2,(anonymous_0)
FN:5,(anonymous_1)
FN:8,(anonymous_2)
FN:11,(anonymous_3)
FNF:4
FNH:4
FNDA:1,(anonymous_0)
FNDA:1,(anonymous_1)
FNDA:1,(anonymous_2)
FNDA:1,(anonymous_3)
DA:1,1
DA:3,1
DA:6,1
DA:9,1
DA:12,1
DA:15,1
LF:6
LH:6
BRF:0
BRH:0
end_of_record
TN:
SF:capitalize.js
FN:3,capitalize
FNF:1
FNH:1
FNDA:2,capitalize
DA:4,2
DA:5,2
DA:8,1
LF:3
LH:3
BRF:0
BRH:0
end_of_record
TN:
SF:ceaser.js
FN:2,ceaser
FNF:1
FNH:1
FNDA:1,ceaser
DA:3,1
DA:4,1
DA:5,1
DA:6,1
DA:7,1
DA:8,24
DA:9,24
DA:10,346
DA:11,20
DA:12,1
DA:13,1
DA:14,1
DA:16,19
DA:17,19
DA:18,19
DA:21,24
DA:22,4
DA:25,1
DA:27,1
LF:19
LH:19
BRDA:10,0,0,20
BRDA:10,0,1,326
BRDA:11,1,0,1
BRDA:11,1,1,19
BRDA:21,2,0,4
BRDA:21,2,1,20
BRF:6
BRH:6
end_of_record
TN:
SF:reverseString.js
FN:2,reverseString
FNF:1
FNH:1
FNDA:1,reverseString
DA:3,1
DA:4,1
DA:5,1
DA:6,5
DA:8,1
DA:10,1
LF:6
LH:6
BRF:0
BRH:0
end_of_record
TN:
SF:sum.js
FN:2,sum
FNF:1
FNH:1
FNDA:1,sum
DA:3,1
DA:5,1
LF:2
LH:2
BRF:0
BRH:0
end_of_record
